This file contains any messages produced by compilers while
running configure, to aid debugging if configure makes a mistake.

It was created by fox configure 1.6.57, which was
generated by GNU Autoconf 2.69.  Invocation command line was

  $ ./configure --prefix=/addtl --with-opengl=yes --with-xft --enable-release

## --------- ##
## Platform. ##
## --------- ##

hostname = bowtoes-pc
uname -m = x86_64
uname -r = 4.19.66-1-MANJARO
uname -s = Linux
uname -v = #1 SMP PREEMPT Fri Aug 9 18:01:53 UTC 2019

/usr/bin/uname -p = unknown
/bin/uname -X     = unknown

/bin/arch              = unknown
/usr/bin/arch -k       = unknown
/usr/convex/getsysinfo = unknown
/usr/bin/hostinfo      = unknown
/bin/machine           = unknown
/usr/bin/oslevel       = unknown
/bin/universe          = unknown

PATH: /usr/local/sbin
PATH: /usr/local/bin
PATH: /usr/bin
PATH: /usr/include
PATH: /usr/local/include
PATH: /usr/lib/jvm/default/bin
PATH: /addtl/include
PATH: /addtl/bin
PATH: /addtl/bin/sh
PATH: /addtl/bin/sh/surf
PATH: /addtl/bin/sh/image
PATH: /addtl/bin/sh/sys
PATH: /addtl/bin/sh/dwm
PATH: /addtl/bin/sh/fileops
PATH: /addtl/bin/sh/math
PATH: /addtl/sbin
PATH: /usr/bin/site_perl
PATH: /usr/bin/vendor_perl
PATH: /usr/bin/core_perl
PATH: /home/bowtoes/bin
PATH: /home/bowtoes/bin/sh
PATH: /usr/lib/jvm/default/bin
PATH: /usr/bin/site_perl
PATH: /usr/bin/vendor_perl
PATH: /usr/bin/core_perl


## ----------- ##
## Core tests. ##
## ----------- ##

configure:2684: checking for a BSD-compatible install
configure:2752: result: /usr/bin/install -c
configure:2763: checking whether build environment is sane
configure:2818: result: yes
configure:2967: checking for a thread-safe mkdir -p
configure:3006: result: /usr/bin/mkdir -p
configure:3013: checking for gawk
configure:3029: found /usr/bin/gawk
configure:3040: result: gawk
configure:3051: checking whether make sets $(MAKE)
configure:3073: result: yes
configure:3102: checking whether make supports nested variables
configure:3119: result: yes
configure:3265: checking major version
configure:3267: result: 1
configure:3269: checking minor version
configure:3271: result: 6
configure:3273: checking patch level
configure:3275: result: 57
configure:3315: checking for style of include used by make
configure:3343: result: GNU
configure:3414: checking for gcc
configure:3430: found /usr/bin/gcc
configure:3441: result: gcc
configure:3670: checking for C compiler version
configure:3679: gcc --version >&5
gcc (GCC) 9.1.0
Copyright (C) 2019 Free Software Foundation, Inc.
This is free software; see the source for copying conditions.  There is NO
warranty; not even for MERCHANTABILITY or FITNESS FOR A PARTICULAR PURPOSE.

configure:3690: $? = 0
configure:3679: gcc -v >&5
Using built-in specs.
COLLECT_GCC=gcc
COLLECT_LTO_WRAPPER=/usr/lib/gcc/x86_64-pc-linux-gnu/9.1.0/lto-wrapper
Target: x86_64-pc-linux-gnu
Configured with: /build/gcc/src/gcc/configure --prefix=/usr --libdir=/usr/lib --libexecdir=/usr/lib --mandir=/usr/share/man --infodir=/usr/share/info --with-bugurl=https://bugs.archlinux.org/ --enable-languages=c,c++,ada,fortran,go,lto,objc,obj-c++ --enable-shared --enable-threads=posix --with-system-zlib --with-isl --enable-__cxa_atexit --disable-libunwind-exceptions --enable-clocale=gnu --disable-libstdcxx-pch --disable-libssp --enable-gnu-unique-object --enable-linker-build-id --enable-lto --enable-plugin --enable-install-libiberty --with-linker-hash-style=gnu --enable-gnu-indirect-function --enable-multilib --disable-werror --enable-checking=release --enable-default-pie --enable-default-ssp --enable-cet=auto
Thread model: posix
gcc version 9.1.0 (GCC) 
configure:3690: $? = 0
configure:3679: gcc -V >&5
gcc: error: unrecognized command line option '-V'
gcc: fatal error: no input files
compilation terminated.
configure:3690: $? = 1
configure:3679: gcc -qversion >&5
gcc: error: unrecognized command line option '-qversion'; did you mean '--version'?
gcc: fatal error: no input files
compilation terminated.
configure:3690: $? = 1
configure:3710: checking whether the C compiler works
configure:3732: gcc    conftest.c  >&5
configure:3736: $? = 0
configure:3784: result: yes
configure:3787: checking for C compiler default output file name
configure:3789: result: a.out
configure:3795: checking for suffix of executables
configure:3802: gcc -o conftest    conftest.c  >&5
configure:3806: $? = 0
configure:3828: result: 
configure:3850: checking whether we are cross compiling
configure:3858: gcc -o conftest    conftest.c  >&5
configure:3862: $? = 0
configure:3869: ./conftest
configure:3873: $? = 0
configure:3861: result: no
configure:3866: checking for suffix of object files
configure:3888: gcc -c   conftest.c >&5
configure:3892: $? = 0
configure:3913: result: o
configure:3917: checking whether we are using the GNU C compiler
configure:3936: gcc -c   conftest.c >&5
configure:3936: $? = 0
configure:3945: result: yes
configure:3954: checking whether gcc accepts -g
configure:3974: gcc -c -g  conftest.c >&5
configure:3974: $? = 0
configure:4015: result: yes
configure:4032: checking for gcc option to accept ISO C89
configure:4095: gcc  -c -g -O2  conftest.c >&5
configure:4095: $? = 0
configure:4108: result: none needed
configure:4133: checking whether gcc understands -c and -o together
configure:4155: gcc -c conftest.c -o conftest2.o
configure:4158: $? = 0
configure:4155: gcc -c conftest.c -o conftest2.o
configure:4158: $? = 0
configure:4170: result: yes
configure:4189: checking dependency style of gcc
configure:4300: result: gcc3
configure:4321: checking how to run the C preprocessor
configure:4352: gcc -E  conftest.c
configure:4352: $? = 0
configure:4366: gcc -E  conftest.c
conftest.c:11:10: fatal error: ac_nonexistent.h: No such file or directory
   11 | #include <ac_nonexistent.h>
      |          ^~~~~~~~~~~~~~~~~~
compilation terminated.
configure:4366: $? = 1
configure: failed program was:
| /* confdefs.h */
| #define PACKAGE_NAME "fox"
| #define PACKAGE_TARNAME "fox"
| #define PACKAGE_VERSION "1.6.57"
| #define PACKAGE_STRING "fox 1.6.57"
| #define PACKAGE_BUGREPORT "jeroen@fox-toolkit.com"
| #define PACKAGE_URL ""
| #define PACKAGE "fox"
| #define VERSION "1.6.57"
| /* end confdefs.h.  */
| #include <ac_nonexistent.h>
configure:4391: result: gcc -E
configure:4411: gcc -E  conftest.c
configure:4411: $? = 0
configure:4425: gcc -E  conftest.c
conftest.c:11:10: fatal error: ac_nonexistent.h: No such file or directory
   11 | #include <ac_nonexistent.h>
      |          ^~~~~~~~~~~~~~~~~~
compilation terminated.
configure:4425: $? = 1
configure: failed program was:
| /* confdefs.h */
| #define PACKAGE_NAME "fox"
| #define PACKAGE_TARNAME "fox"
| #define PACKAGE_VERSION "1.6.57"
| #define PACKAGE_STRING "fox 1.6.57"
| #define PACKAGE_BUGREPORT "jeroen@fox-toolkit.com"
| #define PACKAGE_URL ""
| #define PACKAGE "fox"
| #define VERSION "1.6.57"
| /* end confdefs.h.  */
| #include <ac_nonexistent.h>
configure:4454: checking for grep that handles long lines and -e
configure:4512: result: /usr/bin/grep
configure:4517: checking for egrep
configure:4579: result: /usr/bin/grep -E
configure:4584: checking for ANSI C header files
configure:4604: gcc -c -g -O2  conftest.c >&5
configure:4604: $? = 0
configure:4677: gcc -o conftest -g -O2   conftest.c  >&5
configure:4677: $? = 0
configure:4677: ./conftest
configure:4677: $? = 0
configure:4688: result: yes
configure:4701: checking for sys/types.h
configure:4701: gcc -c -g -O2  conftest.c >&5
configure:4701: $? = 0
configure:4701: result: yes
configure:4701: checking for sys/stat.h
configure:4701: gcc -c -g -O2  conftest.c >&5
configure:4701: $? = 0
configure:4701: result: yes
configure:4701: checking for stdlib.h
configure:4701: gcc -c -g -O2  conftest.c >&5
configure:4701: $? = 0
configure:4701: result: yes
configure:4701: checking for string.h
configure:4701: gcc -c -g -O2  conftest.c >&5
configure:4701: $? = 0
configure:4701: result: yes
configure:4701: checking for memory.h
configure:4701: gcc -c -g -O2  conftest.c >&5
configure:4701: $? = 0
configure:4701: result: yes
configure:4701: checking for strings.h
configure:4701: gcc -c -g -O2  conftest.c >&5
configure:4701: $? = 0
configure:4701: result: yes
configure:4701: checking for inttypes.h
configure:4701: gcc -c -g -O2  conftest.c >&5
configure:4701: $? = 0
configure:4701: result: yes
configure:4701: checking for stdint.h
configure:4701: gcc -c -g -O2  conftest.c >&5
configure:4701: $? = 0
configure:4701: result: yes
configure:4701: checking for unistd.h
configure:4701: gcc -c -g -O2  conftest.c >&5
configure:4701: $? = 0
configure:4701: result: yes
configure:4714: checking minix/config.h usability
configure:4714: gcc -c -g -O2  conftest.c >&5
conftest.c:54:10: fatal error: minix/config.h: No such file or directory
   54 | #include <minix/config.h>
      |          ^~~~~~~~~~~~~~~~
compilation terminated.
configure:4714: $? = 1
configure: failed program was:
| /* confdefs.h */
| #define PACKAGE_NAME "fox"
| #define PACKAGE_TARNAME "fox"
| #define PACKAGE_VERSION "1.6.57"
| #define PACKAGE_STRING "fox 1.6.57"
| #define PACKAGE_BUGREPORT "jeroen@fox-toolkit.com"
| #define PACKAGE_URL ""
| #define PACKAGE "fox"
| #define VERSION "1.6.57"
| #define STDC_HEADERS 1
| #define HAVE_SYS_TYPES_H 1
| #define HAVE_SYS_STAT_H 1
| #define HAVE_STDLIB_H 1
| #define HAVE_STRING_H 1
| #define HAVE_MEMORY_H 1
| #define HAVE_STRINGS_H 1
| #define HAVE_INTTYPES_H 1
| #define HAVE_STDINT_H 1
| #define HAVE_UNISTD_H 1
| /* end confdefs.h.  */
| #include <stdio.h>
| #ifdef HAVE_SYS_TYPES_H
| # include <sys/types.h>
| #endif
| #ifdef HAVE_SYS_STAT_H
| # include <sys/stat.h>
| #endif
| #ifdef STDC_HEADERS
| # include <stdlib.h>
| # include <stddef.h>
| #else
| # ifdef HAVE_STDLIB_H
| #  include <stdlib.h>
| # endif
| #endif
| #ifdef HAVE_STRING_H
| # if !defined STDC_HEADERS && defined HAVE_MEMORY_H
| #  include <memory.h>
| # endif
| # include <string.h>
| #endif
| #ifdef HAVE_STRINGS_H
| # include <strings.h>
| #endif
| #ifdef HAVE_INTTYPES_H
| # include <inttypes.h>
| #endif
| #ifdef HAVE_STDINT_H
| # include <stdint.h>
| #endif
| #ifdef HAVE_UNISTD_H
| # include <unistd.h>
| #endif
| #include <minix/config.h>
configure:4714: result: no
configure:4714: checking minix/config.h presence
configure:4714: gcc -E  conftest.c
conftest.c:21:10: fatal error: minix/config.h: No such file or directory
   21 | #include <minix/config.h>
      |          ^~~~~~~~~~~~~~~~
compilation terminated.
configure:4714: $? = 1
configure: failed program was:
| /* confdefs.h */
| #define PACKAGE_NAME "fox"
| #define PACKAGE_TARNAME "fox"
| #define PACKAGE_VERSION "1.6.57"
| #define PACKAGE_STRING "fox 1.6.57"
| #define PACKAGE_BUGREPORT "jeroen@fox-toolkit.com"
| #define PACKAGE_URL ""
| #define PACKAGE "fox"
| #define VERSION "1.6.57"
| #define STDC_HEADERS 1
| #define HAVE_SYS_TYPES_H 1
| #define HAVE_SYS_STAT_H 1
| #define HAVE_STDLIB_H 1
| #define HAVE_STRING_H 1
| #define HAVE_MEMORY_H 1
| #define HAVE_STRINGS_H 1
| #define HAVE_INTTYPES_H 1
| #define HAVE_STDINT_H 1
| #define HAVE_UNISTD_H 1
| /* end confdefs.h.  */
| #include <minix/config.h>
configure:4714: result: no
configure:4714: checking for minix/config.h
configure:4714: result: no
configure:4735: checking whether it is safe to define __EXTENSIONS__
configure:4753: gcc -c -g -O2  conftest.c >&5
configure:4753: $? = 0
configure:4760: result: yes
configure:4843: checking for g++
configure:4859: found /usr/bin/g++
configure:4870: result: g++
configure:4897: checking for C++ compiler version
configure:4906: g++ --version >&5
g++ (GCC) 9.1.0
Copyright (C) 2019 Free Software Foundation, Inc.
This is free software; see the source for copying conditions.  There is NO
warranty; not even for MERCHANTABILITY or FITNESS FOR A PARTICULAR PURPOSE.

configure:4917: $? = 0
configure:4906: g++ -v >&5
Using built-in specs.
COLLECT_GCC=g++
COLLECT_LTO_WRAPPER=/usr/lib/gcc/x86_64-pc-linux-gnu/9.1.0/lto-wrapper
Target: x86_64-pc-linux-gnu
Configured with: /build/gcc/src/gcc/configure --prefix=/usr --libdir=/usr/lib --libexecdir=/usr/lib --mandir=/usr/share/man --infodir=/usr/share/info --with-bugurl=https://bugs.archlinux.org/ --enable-languages=c,c++,ada,fortran,go,lto,objc,obj-c++ --enable-shared --enable-threads=posix --with-system-zlib --with-isl --enable-__cxa_atexit --disable-libunwind-exceptions --enable-clocale=gnu --disable-libstdcxx-pch --disable-libssp --enable-gnu-unique-object --enable-linker-build-id --enable-lto --enable-plugin --enable-install-libiberty --with-linker-hash-style=gnu --enable-gnu-indirect-function --enable-multilib --disable-werror --enable-checking=release --enable-default-pie --enable-default-ssp --enable-cet=auto
Thread model: posix
gcc version 9.1.0 (GCC) 
configure:4917: $? = 0
configure:4906: g++ -V >&5
g++: error: unrecognized command line option '-V'
g++: fatal error: no input files
compilation terminated.
configure:4917: $? = 1
configure:4906: g++ -qversion >&5
g++: error: unrecognized command line option '-qversion'; did you mean '--version'?
g++: fatal error: no input files
compilation terminated.
configure:4917: $? = 1
configure:4921: checking whether we are using the GNU C++ compiler
configure:4940: g++ -c   conftest.cpp >&5
configure:4940: $? = 0
configure:4949: result: yes
configure:4958: checking whether g++ accepts -g
configure:4978: g++ -c -g  conftest.cpp >&5
configure:4978: $? = 0
configure:5019: result: yes
configure:5044: checking dependency style of g++
configure:5155: result: gcc3
configure:5218: checking for gcc
configure:5245: result: gcc
configure:5474: checking for C compiler version
configure:5483: gcc --version >&5
gcc (GCC) 9.1.0
Copyright (C) 2019 Free Software Foundation, Inc.
This is free software; see the source for copying conditions.  There is NO
warranty; not even for MERCHANTABILITY or FITNESS FOR A PARTICULAR PURPOSE.

configure:5494: $? = 0
configure:5483: gcc -v >&5
Using built-in specs.
COLLECT_GCC=gcc
COLLECT_LTO_WRAPPER=/usr/lib/gcc/x86_64-pc-linux-gnu/9.1.0/lto-wrapper
Target: x86_64-pc-linux-gnu
Configured with: /build/gcc/src/gcc/configure --prefix=/usr --libdir=/usr/lib --libexecdir=/usr/lib --mandir=/usr/share/man --infodir=/usr/share/info --with-bugurl=https://bugs.archlinux.org/ --enable-languages=c,c++,ada,fortran,go,lto,objc,obj-c++ --enable-shared --enable-threads=posix --with-system-zlib --with-isl --enable-__cxa_atexit --disable-libunwind-exceptions --enable-clocale=gnu --disable-libstdcxx-pch --disable-libssp --enable-gnu-unique-object --enable-linker-build-id --enable-lto --enable-plugin --enable-install-libiberty --with-linker-hash-style=gnu --enable-gnu-indirect-function --enable-multilib --disable-werror --enable-checking=release --enable-default-pie --enable-default-ssp --enable-cet=auto
Thread model: posix
gcc version 9.1.0 (GCC) 
configure:5494: $? = 0
configure:5483: gcc -V >&5
gcc: error: unrecognized command line option '-V'
gcc: fatal error: no input files
compilation terminated.
configure:5494: $? = 1
configure:5483: gcc -qversion >&5
gcc: error: unrecognized command line option '-qversion'; did you mean '--version'?
gcc: fatal error: no input files
compilation terminated.
configure:5494: $? = 1
configure:5498: checking whether we are using the GNU C compiler
configure:5526: result: yes
configure:5535: checking whether gcc accepts -g
configure:5596: result: yes
configure:5613: checking for gcc option to accept ISO C89
configure:5689: result: none needed
configure:5714: checking whether gcc understands -c and -o together
configure:5751: result: yes
configure:5770: checking dependency style of gcc
configure:5881: result: gcc3
configure:5901: checking how to run the C preprocessor
configure:5971: result: gcc -E
configure:5991: gcc -E  conftest.c
configure:5991: $? = 0
configure:6005: gcc -E  conftest.c
conftest.c:26:10: fatal error: ac_nonexistent.h: No such file or directory
   26 | #include <ac_nonexistent.h>
      |          ^~~~~~~~~~~~~~~~~~
compilation terminated.
configure:6005: $? = 1
configure: failed program was:
| /* confdefs.h */
| #define PACKAGE_NAME "fox"
| #define PACKAGE_TARNAME "fox"
| #define PACKAGE_VERSION "1.6.57"
| #define PACKAGE_STRING "fox 1.6.57"
| #define PACKAGE_BUGREPORT "jeroen@fox-toolkit.com"
| #define PACKAGE_URL ""
| #define PACKAGE "fox"
| #define VERSION "1.6.57"
| #define STDC_HEADERS 1
| #define HAVE_SYS_TYPES_H 1
| #define HAVE_SYS_STAT_H 1
| #define HAVE_STDLIB_H 1
| #define HAVE_STRING_H 1
| #define HAVE_MEMORY_H 1
| #define HAVE_STRINGS_H 1
| #define HAVE_INTTYPES_H 1
| #define HAVE_STDINT_H 1
| #define HAVE_UNISTD_H 1
| #define __EXTENSIONS__ 1
| #define _ALL_SOURCE 1
| #define _GNU_SOURCE 1
| #define _POSIX_PTHREAD_SEMANTICS 1
| #define _TANDEM_SOURCE 1
| /* end confdefs.h.  */
| #include <ac_nonexistent.h>
configure:6034: checking whether ln -s works
configure:6038: result: yes
configure:6045: checking whether make sets $(MAKE)
configure:6067: result: yes
configure:6105: checking build system type
configure:6119: result: x86_64-pc-linux-gnu
configure:6139: checking host system type
configure:6152: result: x86_64-pc-linux-gnu
configure:6193: checking how to print strings
configure:6220: result: printf
configure:6241: checking for a sed that does not truncate output
configure:6305: result: /usr/bin/sed
configure:6323: checking for fgrep
configure:6385: result: /usr/bin/grep -F
configure:6420: checking for ld used by gcc
configure:6487: result: /usr/bin/ld
configure:6494: checking if the linker (/usr/bin/ld) is GNU ld
configure:6509: result: yes
configure:6521: checking for BSD- or MS-compatible name lister (nm)
configure:6575: result: /usr/bin/nm -B
configure:6705: checking the name lister (/usr/bin/nm -B) interface
configure:6712: g++ -c   conftest.cpp >&5
configure:6715: /usr/bin/nm -B "conftest.o"
configure:6718: output
0000000000000000 B some_variable
configure:6719: result: BSD nm
configure:6723: checking the maximum length of command line arguments
configure:6854: result: 1572864
configure:6902: checking how to convert x86_64-pc-linux-gnu file names to x86_64-pc-linux-gnu format
configure:6942: result: func_convert_file_noop
configure:6949: checking how to convert x86_64-pc-linux-gnu file names to toolchain format
configure:6969: result: func_convert_file_noop
configure:6976: checking for /usr/bin/ld option to reload object files
configure:6983: result: -r
configure:7057: checking for objdump
configure:7073: found /usr/bin/objdump
configure:7084: result: objdump
configure:7116: checking how to recognize dependent libraries
configure:7316: result: pass_all
configure:7401: checking for dlltool
configure:7431: result: no
configure:7461: checking how to associate runtime and link libraries
configure:7488: result: printf %s\n
configure:7549: checking for ar
configure:7565: found /usr/bin/ar
configure:7576: result: ar
configure:7613: checking for archiver @FILE support
configure:7630: g++ -c   conftest.cpp >&5
configure:7630: $? = 0
configure:7633: ar cru libconftest.a @conftest.lst >&5
ar: `u' modifier ignored since `D' is the default (see `U')
configure:7636: $? = 0
configure:7641: ar cru libconftest.a @conftest.lst >&5
ar: `u' modifier ignored since `D' is the default (see `U')
ar: conftest.o: No such file or directory
configure:7644: $? = 1
configure:7643: result: @
configure:7701: checking for strip
configure:7717: found /usr/bin/strip
configure:7728: result: strip
configure:7800: checking for ranlib
configure:7816: found /usr/bin/ranlib
configure:7827: result: ranlib
configure:7929: checking command to parse /usr/bin/nm -B output from gcc object
configure:8082: g++ -c   conftest.cpp >&5
configure:8085: $? = 0
configure:8089: /usr/bin/nm -B conftest.o \| sed -n -e 's/^.*[ ]\([ABCDGIRSTW][ABCDGIRSTW]*\)[ ][ ]*\([_A-Za-z][_A-Za-z0-9]*\)$/\1 \2 \2/p' | sed '/ __gnu_lto/d' \> conftest.nm
configure:8092: $? = 0
configure:8158: g++ -o conftest    conftest.cpp conftstm.o >&5
configure:8161: $? = 0
configure:8199: result: ok
configure:8246: checking for sysroot
configure:8276: result: no
configure:8283: checking for a working dd
configure:8321: result: /usr/bin/dd
configure:8325: checking how to truncate binary pipes
configure:8340: result: /usr/bin/dd bs=4096 count=1
configure:8476: g++ -c   conftest.cpp >&5
configure:8479: $? = 0
configure:8669: checking for mt
configure:8699: result: no
configure:8719: checking if : is a manifest tool
configure:8725: : '-?'
configure:8733: result: no
configure:9407: checking for dlfcn.h
configure:9407: g++ -c   conftest.cpp >&5
configure:9407: $? = 0
configure:9407: result: yes
configure:9673: checking for objdir
configure:9688: result: .libs
configure:9948: checking if gcc supports -fno-rtti -fno-exceptions
configure:9966: gcc -c -g -O2  -fno-rtti -fno-exceptions conftest.c >&5
cc1: warning: command line option '-fno-rtti' is valid for C++/D/ObjC++ but not for C
configure:9970: $? = 0
configure:9983: result: no
configure:10341: checking for gcc option to produce PIC
configure:10348: result: -fPIC -DPIC
configure:10356: checking if gcc PIC flag -fPIC -DPIC works
configure:10374: gcc -c -g -O2  -fPIC -DPIC -DPIC conftest.c >&5
configure:10378: $? = 0
configure:10391: result: yes
configure:10420: checking if gcc static flag -static works
configure:10448: result: yes
configure:10463: checking if gcc supports -c -o file.o
configure:10484: gcc -c -g -O2  -o out/conftest2.o conftest.c >&5
configure:10488: $? = 0
configure:10510: result: yes
configure:10518: checking if gcc supports -c -o file.o
configure:10565: result: yes
configure:10598: checking whether the gcc linker (/usr/bin/ld -m elf_x86_64) supports shared libraries
configure:11857: result: yes
configure:11894: checking whether -lc should be explicitly linked in
configure:11902: gcc -c -g -O2  conftest.c >&5
configure:11905: $? = 0
configure:11920: gcc -shared  -fPIC -DPIC conftest.o  -v -Wl,-soname -Wl,conftest -o conftest 2\>\&1 \| /usr/bin/grep  -lc  \>/dev/null 2\>\&1
configure:11923: $? = 0
configure:11937: result: no
configure:12097: checking dynamic linker characteristics
configure:12678: gcc -o conftest -g -O2   -Wl,-rpath -Wl,/foo conftest.c  >&5
configure:12678: $? = 0
configure:12918: result: GNU/Linux ld.so
configure:13040: checking how to hardcode library paths into programs
configure:13065: result: immediate
configure:13613: checking whether stripping libraries is possible
configure:13618: result: yes
configure:13653: checking if libtool supports shared libraries
configure:13655: result: yes
configure:13658: checking whether to build shared libraries
configure:13683: result: yes
configure:13686: checking whether to build static libraries
configure:13690: result: yes
configure:10502: checking how to run the C++ preprocessor
configure:10529: g++ -E  conftest.cpp
configure:10529: $? = 0
configure:10543: g++ -E  conftest.cpp
conftest.cpp:28:10: fatal error: ac_nonexistent.h: No such file or directory
   28 | #include <ac_nonexistent.h>
      |          ^~~~~~~~~~~~~~~~~~
compilation terminated.
configure:10543: $? = 1
configure: failed program was:
| /* confdefs.h */
| #define PACKAGE_NAME "fox"
| #define PACKAGE_TARNAME "fox"
| #define PACKAGE_VERSION "1.6.57"
| #define PACKAGE_STRING "fox 1.6.57"
| #define PACKAGE_BUGREPORT "jeroen@fox-toolkit.com"
| #define PACKAGE_URL ""
| #define PACKAGE "fox"
| #define VERSION "1.6.57"
| #define STDC_HEADERS 1
| #define HAVE_SYS_TYPES_H 1
| #define HAVE_SYS_STAT_H 1
| #define HAVE_STDLIB_H 1
| #define HAVE_STRING_H 1
| #define HAVE_MEMORY_H 1
| #define HAVE_STRINGS_H 1
| #define HAVE_INTTYPES_H 1
| #define HAVE_STDINT_H 1
| #define HAVE_UNISTD_H 1
| #define __EXTENSIONS__ 1
| #define _ALL_SOURCE 1
| #define _GNU_SOURCE 1
| #define _POSIX_PTHREAD_SEMANTICS 1
| #define _TANDEM_SOURCE 1
| #define HAVE_DLFCN_H 1
| #define LT_OBJDIR ".libs/"
| /* end confdefs.h.  */
| #include <ac_nonexistent.h>
configure:10568: result: g++ -E
configure:10588: g++ -E  conftest.cpp
configure:10588: $? = 0
configure:10602: g++ -E  conftest.cpp
conftest.cpp:28:10: fatal error: ac_nonexistent.h: No such file or directory
   28 | #include <ac_nonexistent.h>
      |          ^~~~~~~~~~~~~~~~~~
compilation terminated.
configure:10602: $? = 1
configure: failed program was:
| /* confdefs.h */
| #define PACKAGE_NAME "fox"
| #define PACKAGE_TARNAME "fox"
| #define PACKAGE_VERSION "1.6.57"
| #define PACKAGE_STRING "fox 1.6.57"
| #define PACKAGE_BUGREPORT "jeroen@fox-toolkit.com"
| #define PACKAGE_URL ""
| #define PACKAGE "fox"
| #define VERSION "1.6.57"
| #define STDC_HEADERS 1
| #define HAVE_SYS_TYPES_H 1
| #define HAVE_SYS_STAT_H 1
| #define HAVE_STDLIB_H 1
| #define HAVE_STRING_H 1
| #define HAVE_MEMORY_H 1
| #define HAVE_STRINGS_H 1
| #define HAVE_INTTYPES_H 1
| #define HAVE_STDINT_H 1
| #define HAVE_UNISTD_H 1
| #define __EXTENSIONS__ 1
| #define _ALL_SOURCE 1
| #define _GNU_SOURCE 1
| #define _POSIX_PTHREAD_SEMANTICS 1
| #define _TANDEM_SOURCE 1
| #define HAVE_DLFCN_H 1
| #define LT_OBJDIR ".libs/"
| /* end confdefs.h.  */
| #include <ac_nonexistent.h>
configure:10764: checking for ld used by g++
configure:10831: result: /usr/bin/ld -m elf_x86_64
configure:10838: checking if the linker (/usr/bin/ld -m elf_x86_64) is GNU ld
configure:10853: result: yes
configure:10908: checking whether the g++ linker (/usr/bin/ld -m elf_x86_64) supports shared libraries
configure:11981: result: yes
configure:12017: g++ -c   conftest.cpp >&5
configure:12020: $? = 0
configure:12501: checking for g++ option to produce PIC
configure:12508: result: -fPIC -DPIC
configure:12516: checking if g++ PIC flag -fPIC -DPIC works
configure:12534: g++ -c   -fPIC -DPIC -DPIC conftest.cpp >&5
configure:12538: $? = 0
configure:12551: result: yes
configure:12574: checking if g++ static flag -static works
configure:12602: result: yes
configure:12614: checking if g++ supports -c -o file.o
configure:12635: g++ -c   -o out/conftest2.o conftest.cpp >&5
configure:12639: $? = 0
configure:12661: result: yes
configure:12666: checking if g++ supports -c -o file.o
configure:12713: result: yes
configure:12743: checking whether the g++ linker (/usr/bin/ld -m elf_x86_64) supports shared libraries
configure:12783: result: yes
configure:12924: checking dynamic linker characteristics
configure:13672: result: GNU/Linux ld.so
configure:13737: checking how to hardcode library paths into programs
configure:13762: result: immediate
configure:12673: checking for X
configure:12781: g++ -E  conftest.cpp
configure:12781: $? = 0
configure:12812: g++ -o conftest    conftest.cpp -lX11  >&5
configure:12812: $? = 0
configure:12862: result: libraries , headers 
configure:12961: g++ -o conftest    conftest.cpp   -lX11 >&5
configure:12961: $? = 0
configure:13059: checking for gethostbyname
configure:13059: g++ -o conftest    conftest.cpp  >&5
configure:13059: $? = 0
configure:13059: result: yes
configure:13156: checking for connect
configure:13156: g++ -o conftest    conftest.cpp  >&5
configure:13156: $? = 0
configure:13156: result: yes
configure:13205: checking for remove
configure:13205: g++ -o conftest    conftest.cpp  >&5
configure:13205: $? = 0
configure:13205: result: yes
configure:13254: checking for shmat
configure:13254: g++ -o conftest    conftest.cpp  >&5
configure:13254: $? = 0
configure:13254: result: yes
configure:13312: checking for IceConnectionNumber in -lICE
configure:13337: g++ -o conftest    conftest.cpp -lICE   >&5
configure:13337: $? = 0
configure:13346: result: yes
configure:13356: checking whether time.h and sys/time.h may both be included
configure:13376: g++ -c   conftest.cpp >&5
configure:13376: $? = 0
configure:13383: result: yes
configure:13391: checking for sys/wait.h that is POSIX.1 compatible
configure:13417: g++ -c   conftest.cpp >&5
configure:13417: $? = 0
configure:13424: result: yes
configure:13435: checking for dirent.h that defines DIR
configure:13454: g++ -c   conftest.cpp >&5
configure:13454: $? = 0
configure:13462: result: yes
configure:13475: checking for library containing opendir
configure:13506: g++ -o conftest    conftest.cpp  >&5
configure:13506: $? = 0
configure:13523: result: none required
configure:13596: checking for stdlib.h
configure:13596: result: yes
configure:13596: checking for unistd.h
configure:13596: result: yes
configure:13596: checking for sys/param.h
configure:13596: g++ -c   conftest.cpp >&5
configure:13596: $? = 0
configure:13596: result: yes
configure:13616: checking for getpagesize
configure:13616: g++ -o conftest    conftest.cpp  >&5
configure:13616: $? = 0
configure:13616: result: yes
configure:13625: checking for working mmap
configure:13772: g++ -o conftest    conftest.cpp  >&5
configure:13772: $? = 0
configure:13772: ./conftest
configure:13772: $? = 0
configure:13782: result: yes
configure:13799: checking whether byte ordering is bigendian
configure:13814: g++ -c   conftest.cpp >&5
conftest.cpp:37:9: error: expected unqualified-id before 'not' token
   37 |         not a universal capable compiler
      |         ^~~
configure:13814: $? = 1
configure: failed program was:
| /* confdefs.h */
| #define PACKAGE_NAME "fox"
| #define PACKAGE_TARNAME "fox"
| #define PACKAGE_VERSION "1.6.57"
| #define PACKAGE_STRING "fox 1.6.57"
| #define PACKAGE_BUGREPORT "jeroen@fox-toolkit.com"
| #define PACKAGE_URL ""
| #define PACKAGE "fox"
| #define VERSION "1.6.57"
| #define STDC_HEADERS 1
| #define HAVE_SYS_TYPES_H 1
| #define HAVE_SYS_STAT_H 1
| #define HAVE_STDLIB_H 1
| #define HAVE_STRING_H 1
| #define HAVE_MEMORY_H 1
| #define HAVE_STRINGS_H 1
| #define HAVE_INTTYPES_H 1
| #define HAVE_STDINT_H 1
| #define HAVE_UNISTD_H 1
| #define __EXTENSIONS__ 1
| #define _ALL_SOURCE 1
| #define _GNU_SOURCE 1
| #define _POSIX_PTHREAD_SEMANTICS 1
| #define _TANDEM_SOURCE 1
| #define HAVE_DLFCN_H 1
| #define LT_OBJDIR ".libs/"
| #define TIME_WITH_SYS_TIME 1
| #define HAVE_SYS_WAIT_H 1
| #define HAVE_DIRENT_H 1
| #define HAVE_STDLIB_H 1
| #define HAVE_UNISTD_H 1
| #define HAVE_SYS_PARAM_H 1
| #define HAVE_GETPAGESIZE 1
| #define HAVE_MMAP 1
| /* end confdefs.h.  */
| #ifndef __APPLE_CC__
| 	       not a universal capable compiler
| 	     #endif
| 	     typedef int dummy;
| 
configure:13859: g++ -c   conftest.cpp >&5
configure:13859: $? = 0
configure:13877: g++ -c   conftest.cpp >&5
conftest.cpp: In function 'int main()':
conftest.cpp:43:8: error: 'big' was not declared in this scope
   43 |    not big endian
      |        ^~~
configure:13877: $? = 1
configure: failed program was:
| /* confdefs.h */
| #define PACKAGE_NAME "fox"
| #define PACKAGE_TARNAME "fox"
| #define PACKAGE_VERSION "1.6.57"
| #define PACKAGE_STRING "fox 1.6.57"
| #define PACKAGE_BUGREPORT "jeroen@fox-toolkit.com"
| #define PACKAGE_URL ""
| #define PACKAGE "fox"
| #define VERSION "1.6.57"
| #define STDC_HEADERS 1
| #define HAVE_SYS_TYPES_H 1
| #define HAVE_SYS_STAT_H 1
| #define HAVE_STDLIB_H 1
| #define HAVE_STRING_H 1
| #define HAVE_MEMORY_H 1
| #define HAVE_STRINGS_H 1
| #define HAVE_INTTYPES_H 1
| #define HAVE_STDINT_H 1
| #define HAVE_UNISTD_H 1
| #define __EXTENSIONS__ 1
| #define _ALL_SOURCE 1
| #define _GNU_SOURCE 1
| #define _POSIX_PTHREAD_SEMANTICS 1
| #define _TANDEM_SOURCE 1
| #define HAVE_DLFCN_H 1
| #define LT_OBJDIR ".libs/"
| #define TIME_WITH_SYS_TIME 1
| #define HAVE_SYS_WAIT_H 1
| #define HAVE_DIRENT_H 1
| #define HAVE_STDLIB_H 1
| #define HAVE_UNISTD_H 1
| #define HAVE_SYS_PARAM_H 1
| #define HAVE_GETPAGESIZE 1
| #define HAVE_MMAP 1
| /* end confdefs.h.  */
| #include <sys/types.h>
| 		#include <sys/param.h>
| 
| int
| main ()
| {
| #if BYTE_ORDER != BIG_ENDIAN
| 		 not big endian
| 		#endif
| 
|   ;
|   return 0;
| }
configure:14005: result: no
configure:14025: checking for clock_gettime in -lrt
configure:14050: g++ -o conftest    conftest.cpp -lrt   >&5
configure:14050: $? = 0
configure:14059: result: yes
configure:14070: checking for pthread_exit in -lpthread
configure:14095: g++ -o conftest    conftest.cpp -lpthread  -lrt  >&5
configure:14095: $? = 0
configure:14104: result: yes
configure:14117: checking for dlopen in -ldl
configure:14142: g++ -o conftest    conftest.cpp -ldl  -lpthread -lrt  >&5
configure:14142: $? = 0
configure:14151: result: yes
configure:14162: checking for shl_load in -ldld
configure:14187: g++ -o conftest    conftest.cpp -ldld  -ldl -lpthread -lrt  >&5
/usr/bin/ld: cannot find -ldld
collect2: error: ld returned 1 exit status
configure:14187: $? = 1
configure: failed program was:
| /* confdefs.h */
| #define PACKAGE_NAME "fox"
| #define PACKAGE_TARNAME "fox"
| #define PACKAGE_VERSION "1.6.57"
| #define PACKAGE_STRING "fox 1.6.57"
| #define PACKAGE_BUGREPORT "jeroen@fox-toolkit.com"
| #define PACKAGE_URL ""
| #define PACKAGE "fox"
| #define VERSION "1.6.57"
| #define STDC_HEADERS 1
| #define HAVE_SYS_TYPES_H 1
| #define HAVE_SYS_STAT_H 1
| #define HAVE_STDLIB_H 1
| #define HAVE_STRING_H 1
| #define HAVE_MEMORY_H 1
| #define HAVE_STRINGS_H 1
| #define HAVE_INTTYPES_H 1
| #define HAVE_STDINT_H 1
| #define HAVE_UNISTD_H 1
| #define __EXTENSIONS__ 1
| #define _ALL_SOURCE 1
| #define _GNU_SOURCE 1
| #define _POSIX_PTHREAD_SEMANTICS 1
| #define _TANDEM_SOURCE 1
| #define HAVE_DLFCN_H 1
| #define LT_OBJDIR ".libs/"
| #define TIME_WITH_SYS_TIME 1
| #define HAVE_SYS_WAIT_H 1
| #define HAVE_DIRENT_H 1
| #define HAVE_STDLIB_H 1
| #define HAVE_UNISTD_H 1
| #define HAVE_SYS_PARAM_H 1
| #define HAVE_GETPAGESIZE 1
| #define HAVE_MMAP 1
| #define HAVE_LIBRT 1
| #define HAVE_LIBPTHREAD 1
| #define HAVE_LIBDL 1
| /* end confdefs.h.  */
| 
| /* Override any GCC internal prototype to avoid an error.
|    Use char because int might match the return type of a GCC
|    builtin and then its argument prototype would still apply.  */
| #ifdef __cplusplus
| extern "C"
| #endif
| char shl_load ();
| int
| main ()
| {
| return shl_load ();
|   ;
|   return 0;
| }
configure:14196: result: no
configure:14212: checking for vsscanf
configure:14212: g++ -o conftest    conftest.cpp -ldl -lpthread -lrt  >&5
conftest.cpp:62:6: warning: declaration of 'char vsscanf()' conflicts with built-in declaration 'int vsscanf(const char*, const char*, __va_list_tag*)' [-Wbuiltin-declaration-mismatch]
   62 | char vsscanf ();
      |      ^~~~~~~
configure:14212: $? = 0
configure:14212: result: yes
configure:14212: checking for vsnprintf
configure:14212: g++ -o conftest    conftest.cpp -ldl -lpthread -lrt  >&5
conftest.cpp:63:6: warning: declaration of 'char vsnprintf()' conflicts with built-in declaration 'int vsnprintf(char*, long unsigned int, const char*, __va_list_tag*)' [-Wbuiltin-declaration-mismatch]
   63 | char vsnprintf ();
      |      ^~~~~~~~~
configure:14212: $? = 0
configure:14212: result: yes
configure:14212: checking for strtoll
configure:14212: g++ -o conftest    conftest.cpp -ldl -lpthread -lrt  >&5
configure:14212: $? = 0
configure:14212: result: yes
configure:14212: checking for strtoull
configure:14212: g++ -o conftest    conftest.cpp -ldl -lpthread -lrt  >&5
configure:14212: $? = 0
configure:14212: result: yes
configure:14230: checking for debugging
configure:14237: result: 
configure:14244: checking for release build
configure:14251: result: yes
configure:14262: checking for profiling
configure:14270: result: 
configure:14285: result: 
configure:14288: checking jpeglib.h usability
configure:14288: g++ -c  -Wall -Wformat -Woverloaded-virtual -Wshadow -DUNICODE -O2 -DNDEBUG -Wuninitialized -ffast-math -fstrict-aliasing -finline-functions -fomit-frame-pointer -fexpensive-optimizations  conftest.cpp >&5
configure:14288: $? = 0
configure:14288: result: yes
configure:14288: checking jpeglib.h presence
configure:14288: g++ -E  conftest.cpp
configure:14288: $? = 0
configure:14288: result: yes
configure:14288: checking for jpeglib.h
configure:14288: result: yes
configure:14303: result: 
configure:14308: checking png.h usability
configure:14308: g++ -c  -Wall -Wformat -Woverloaded-virtual -Wshadow -DUNICODE -O2 -DNDEBUG -Wuninitialized -ffast-math -fstrict-aliasing -finline-functions -fomit-frame-pointer -fexpensive-optimizations -DHAVE_JPEG_H=1  conftest.cpp >&5
configure:14308: $? = 0
configure:14308: result: yes
configure:14308: checking png.h presence
configure:14308: g++ -E  conftest.cpp
configure:14308: $? = 0
configure:14308: result: yes
configure:14308: checking for png.h
configure:14308: result: yes
configure:14327: result: 
configure:14332: checking tiff.h usability
configure:14332: g++ -c  -Wall -Wformat -Woverloaded-virtual -Wshadow -DUNICODE -O2 -DNDEBUG -Wuninitialized -ffast-math -fstrict-aliasing -finline-functions -fomit-frame-pointer -fexpensive-optimizations -DHAVE_JPEG_H=1 -DHAVE_PNG_H=1  conftest.cpp >&5
configure:14332: $? = 0
configure:14332: result: yes
configure:14332: checking tiff.h presence
configure:14332: g++ -E  conftest.cpp
configure:14332: $? = 0
configure:14332: result: yes
configure:14332: checking for tiff.h
configure:14332: result: yes
configure:14351: result: 
configure:14356: checking zlib.h usability
configure:14356: g++ -c  -Wall -Wformat -Woverloaded-virtual -Wshadow -DUNICODE -O2 -DNDEBUG -Wuninitialized -ffast-math -fstrict-aliasing -finline-functions -fomit-frame-pointer -fexpensive-optimizations -DHAVE_JPEG_H=1 -DHAVE_PNG_H=1 -DHAVE_TIFF_H=1  conftest.cpp >&5
configure:14356: $? = 0
configure:14356: result: yes
configure:14356: checking zlib.h presence
configure:14356: g++ -E  conftest.cpp
configure:14356: $? = 0
configure:14356: result: yes
configure:14356: checking for zlib.h
configure:14356: result: yes
configure:14375: result: 
configure:14380: checking bzlib.h usability
configure:14380: g++ -c  -Wall -Wformat -Woverloaded-virtual -Wshadow -DUNICODE -O2 -DNDEBUG -Wuninitialized -ffast-math -fstrict-aliasing -finline-functions -fomit-frame-pointer -fexpensive-optimizations -DHAVE_JPEG_H=1 -DHAVE_PNG_H=1 -DHAVE_TIFF_H=1 -DHAVE_ZLIB_H=1  conftest.cpp >&5
configure:14380: $? = 0
configure:14380: result: yes
configure:14380: checking bzlib.h presence
configure:14380: g++ -E  conftest.cpp
configure:14380: $? = 0
configure:14380: result: yes
configure:14380: checking for bzlib.h
configure:14380: result: yes
configure:14393: checking for Xft support
configure:14401: result: yes
configure:14418: result: 
configure:14423: checking for X11/extensions/XShm.h
configure:14423: g++ -c  -Wall -Wformat -Woverloaded-virtual -Wshadow -DUNICODE -O2 -DNDEBUG -Wuninitialized -ffast-math -fstrict-aliasing -finline-functions -fomit-frame-pointer -fexpensive-optimizations -DHAVE_JPEG_H=1 -DHAVE_PNG_H=1 -DHAVE_TIFF_H=1 -DHAVE_ZLIB_H=1 -DHAVE_BZ2LIB_H=1 -DHAVE_XFT_H=1 -I/usr/include/freetype2  conftest.cpp >&5
configure:14423: $? = 0
configure:14423: result: yes
configure:14443: result: 
configure:14448: checking for X11/extensions/shape.h
configure:14448: g++ -c  -Wall -Wformat -Woverloaded-virtual -Wshadow -DUNICODE -O2 -DNDEBUG -Wuninitialized -ffast-math -fstrict-aliasing -finline-functions -fomit-frame-pointer -fexpensive-optimizations -DHAVE_JPEG_H=1 -DHAVE_PNG_H=1 -DHAVE_TIFF_H=1 -DHAVE_ZLIB_H=1 -DHAVE_BZ2LIB_H=1 -DHAVE_XFT_H=1 -I/usr/include/freetype2 -DHAVE_XSHM_H=1  conftest.cpp >&5
configure:14448: $? = 0
configure:14448: result: yes
configure:14469: result: 
configure:14474: checking for X11/Xcursor/Xcursor.h
configure:14474: g++ -c  -Wall -Wformat -Woverloaded-virtual -Wshadow -DUNICODE -O2 -DNDEBUG -Wuninitialized -ffast-math -fstrict-aliasing -finline-functions -fomit-frame-pointer -fexpensive-optimizations -DHAVE_JPEG_H=1 -DHAVE_PNG_H=1 -DHAVE_TIFF_H=1 -DHAVE_ZLIB_H=1 -DHAVE_BZ2LIB_H=1 -DHAVE_XFT_H=1 -I/usr/include/freetype2 -DHAVE_XSHM_H=1 -DHAVE_XSHAPE_H=1  conftest.cpp >&5
configure:14474: $? = 0
configure:14474: result: yes
configure:14495: result: 
configure:14500: checking for X11/extensions/Xrender.h
configure:14500: g++ -c  -Wall -Wformat -Woverloaded-virtual -Wshadow -DUNICODE -O2 -DNDEBUG -Wuninitialized -ffast-math -fstrict-aliasing -finline-functions -fomit-frame-pointer -fexpensive-optimizations -DHAVE_JPEG_H=1 -DHAVE_PNG_H=1 -DHAVE_TIFF_H=1 -DHAVE_ZLIB_H=1 -DHAVE_BZ2LIB_H=1 -DHAVE_XFT_H=1 -I/usr/include/freetype2 -DHAVE_XSHM_H=1 -DHAVE_XSHAPE_H=1 -DHAVE_XCURSOR_H=1  conftest.cpp >&5
configure:14500: $? = 0
configure:14500: result: yes
configure:14521: result: 
configure:14526: checking for X11/extensions/Xrandr.h
configure:14526: g++ -c  -Wall -Wformat -Woverloaded-virtual -Wshadow -DUNICODE -O2 -DNDEBUG -Wuninitialized -ffast-math -fstrict-aliasing -finline-functions -fomit-frame-pointer -fexpensive-optimizations -DHAVE_JPEG_H=1 -DHAVE_PNG_H=1 -DHAVE_TIFF_H=1 -DHAVE_ZLIB_H=1 -DHAVE_BZ2LIB_H=1 -DHAVE_XFT_H=1 -I/usr/include/freetype2 -DHAVE_XSHM_H=1 -DHAVE_XSHAPE_H=1 -DHAVE_XCURSOR_H=1 -DHAVE_XRENDER_H=1  conftest.cpp >&5
configure:14526: $? = 0
configure:14526: result: yes
configure:14547: result: 
configure:14552: checking for X11/extensions/Xfixes.h
configure:14552: g++ -c  -Wall -Wformat -Woverloaded-virtual -Wshadow -DUNICODE -O2 -DNDEBUG -Wuninitialized -ffast-math -fstrict-aliasing -finline-functions -fomit-frame-pointer -fexpensive-optimizations -DHAVE_JPEG_H=1 -DHAVE_PNG_H=1 -DHAVE_TIFF_H=1 -DHAVE_ZLIB_H=1 -DHAVE_BZ2LIB_H=1 -DHAVE_XFT_H=1 -I/usr/include/freetype2 -DHAVE_XSHM_H=1 -DHAVE_XSHAPE_H=1 -DHAVE_XCURSOR_H=1 -DHAVE_XRENDER_H=1 -DHAVE_XRANDR_H=1  conftest.cpp >&5
configure:14552: $? = 0
configure:14552: result: yes
configure:14573: result: 
configure:14578: checking for X11/extensions/XInput.h
configure:14578: g++ -c  -Wall -Wformat -Woverloaded-virtual -Wshadow -DUNICODE -O2 -DNDEBUG -Wuninitialized -ffast-math -fstrict-aliasing -finline-functions -fomit-frame-pointer -fexpensive-optimizations -DHAVE_JPEG_H=1 -DHAVE_PNG_H=1 -DHAVE_TIFF_H=1 -DHAVE_ZLIB_H=1 -DHAVE_BZ2LIB_H=1 -DHAVE_XFT_H=1 -I/usr/include/freetype2 -DHAVE_XSHM_H=1 -DHAVE_XSHAPE_H=1 -DHAVE_XCURSOR_H=1 -DHAVE_XRENDER_H=1 -DHAVE_XRANDR_H=1 -DHAVE_XFIXES_H=1  conftest.cpp >&5
configure:14578: $? = 0
configure:14578: result: yes
configure:14599: result: 
configure:14613: checking for OpenGL support
configure:14621: result: yes
configure:14624: checking GL/glu.h usability
configure:14624: g++ -c  -Wall -Wformat -Woverloaded-virtual -Wshadow -DUNICODE -O2 -DNDEBUG -Wuninitialized -ffast-math -fstrict-aliasing -finline-functions -fomit-frame-pointer -fexpensive-optimizations -DHAVE_JPEG_H=1 -DHAVE_PNG_H=1 -DHAVE_TIFF_H=1 -DHAVE_ZLIB_H=1 -DHAVE_BZ2LIB_H=1 -DHAVE_XFT_H=1 -I/usr/include/freetype2 -DHAVE_XSHM_H=1 -DHAVE_XSHAPE_H=1 -DHAVE_XCURSOR_H=1 -DHAVE_XRENDER_H=1 -DHAVE_XRANDR_H=1 -DHAVE_XFIXES_H=1 -DHAVE_XINPUT_H=1 -DNO_XIM  conftest.cpp >&5
configure:14624: $? = 0
configure:14624: result: yes
configure:14624: checking GL/glu.h presence
configure:14624: g++ -E  conftest.cpp
configure:14624: $? = 0
configure:14624: result: yes
configure:14624: checking for GL/glu.h
configure:14624: result: yes
configure:14630: checking GL/gl.h usability
configure:14630: g++ -c  -Wall -Wformat -Woverloaded-virtual -Wshadow -DUNICODE -O2 -DNDEBUG -Wuninitialized -ffast-math -fstrict-aliasing -finline-functions -fomit-frame-pointer -fexpensive-optimizations -DHAVE_JPEG_H=1 -DHAVE_PNG_H=1 -DHAVE_TIFF_H=1 -DHAVE_ZLIB_H=1 -DHAVE_BZ2LIB_H=1 -DHAVE_XFT_H=1 -I/usr/include/freetype2 -DHAVE_XSHM_H=1 -DHAVE_XSHAPE_H=1 -DHAVE_XCURSOR_H=1 -DHAVE_XRENDER_H=1 -DHAVE_XRANDR_H=1 -DHAVE_XFIXES_H=1 -DHAVE_XINPUT_H=1 -DNO_XIM -DHAVE_GLU_H=1  conftest.cpp >&5
configure:14630: $? = 0
configure:14630: result: yes
configure:14630: checking GL/gl.h presence
configure:14630: g++ -E  conftest.cpp
configure:14630: $? = 0
configure:14630: result: yes
configure:14630: checking for GL/gl.h
configure:14630: result: yes
configure:14782: checking that generated files are newer than configure
configure:14788: result: done
configure:14820: creating ./config.status

## ---------------------- ##
## Running config.status. ##
## ---------------------- ##

This file was extended by fox config.status 1.6.57, which was
generated by GNU Autoconf 2.69.  Invocation command line was

  CONFIG_FILES    = 
  CONFIG_HEADERS  = 
  CONFIG_LINKS    = 
  CONFIG_COMMANDS = 
  $ ./config.status 

on bowtoes-pc

config.status:1105: creating Makefile
config.status:1105: creating utils/Makefile
config.status:1105: creating include/Makefile
config.status:1105: creating include/fxver.h
config.status:1105: creating src/Makefile
config.status:1105: creating src/version.rc
config.status:1105: creating chart/Makefile
config.status:1105: creating doc/Makefile
config.status:1105: creating doc/art/Makefile
config.status:1105: creating doc/screenshots/Makefile
config.status:1105: creating tests/Makefile
config.status:1105: creating adie/Makefile
config.status:1105: creating shutterbug/Makefile
config.status:1105: creating pathfinder/Makefile
config.status:1105: creating calculator/Makefile
config.status:1105: creating windows/Makefile
config.status:1105: creating fox.spec
config.status:1105: creating fox-config
config.status:1105: creating fox.pc
config.status:1277: executing depfiles commands
config.status:1277: executing libtool commands

## ---------------- ##
## Cache variables. ##
## ---------------- ##

ac_cv_build=x86_64-pc-linux-gnu
ac_cv_c_bigendian=no
ac_cv_c_compiler_gnu=yes
ac_cv_cxx_compiler_gnu=yes
ac_cv_env_CCC_set=
ac_cv_env_CCC_value=
ac_cv_env_CC_set=
ac_cv_env_CC_value=
ac_cv_env_CFLAGS_set=
ac_cv_env_CFLAGS_value=
ac_cv_env_CPPFLAGS_set=
ac_cv_env_CPPFLAGS_value=
ac_cv_env_CPP_set=
ac_cv_env_CPP_value=
ac_cv_env_CXXCPP_set=
ac_cv_env_CXXCPP_value=
ac_cv_env_CXXFLAGS_set=
ac_cv_env_CXXFLAGS_value=
ac_cv_env_CXX_set=
ac_cv_env_CXX_value=
ac_cv_env_LDFLAGS_set=
ac_cv_env_LDFLAGS_value=
ac_cv_env_LIBS_set=
ac_cv_env_LIBS_value=
ac_cv_env_LT_SYS_LIBRARY_PATH_set=
ac_cv_env_LT_SYS_LIBRARY_PATH_value=
ac_cv_env_XMKMF_set=
ac_cv_env_XMKMF_value=
ac_cv_env_build_alias_set=
ac_cv_env_build_alias_value=
ac_cv_env_host_alias_set=
ac_cv_env_host_alias_value=
ac_cv_env_target_alias_set=
ac_cv_env_target_alias_value=
ac_cv_func_connect=yes
ac_cv_func_gethostbyname=yes
ac_cv_func_getpagesize=yes
ac_cv_func_mmap_fixed_mapped=yes
ac_cv_func_remove=yes
ac_cv_func_shmat=yes
ac_cv_func_strtoll=yes
ac_cv_func_strtoull=yes
ac_cv_func_vsnprintf=yes
ac_cv_func_vsscanf=yes
ac_cv_have_x='have_x=yes	ac_x_includes='\'''\''	ac_x_libraries='\'''\'''
ac_cv_header_GL_gl_h=yes
ac_cv_header_GL_glu_h=yes
ac_cv_header_X11_Xcursor_Xcursor_h=yes
ac_cv_header_X11_extensions_XInput_h=yes
ac_cv_header_X11_extensions_XShm_h=yes
ac_cv_header_X11_extensions_Xfixes_h=yes
ac_cv_header_X11_extensions_Xrandr_h=yes
ac_cv_header_X11_extensions_Xrender_h=yes
ac_cv_header_X11_extensions_shape_h=yes
ac_cv_header_bzlib_h=yes
ac_cv_header_dirent_dirent_h=yes
ac_cv_header_dlfcn_h=yes
ac_cv_header_inttypes_h=yes
ac_cv_header_jpeglib_h=yes
ac_cv_header_memory_h=yes
ac_cv_header_minix_config_h=no
ac_cv_header_png_h=yes
ac_cv_header_stdc=yes
ac_cv_header_stdint_h=yes
ac_cv_header_stdlib_h=yes
ac_cv_header_string_h=yes
ac_cv_header_strings_h=yes
ac_cv_header_sys_param_h=yes
ac_cv_header_sys_stat_h=yes
ac_cv_header_sys_types_h=yes
ac_cv_header_sys_wait_h=yes
ac_cv_header_tiff_h=yes
ac_cv_header_time=yes
ac_cv_header_unistd_h=yes
ac_cv_header_zlib_h=yes
ac_cv_host=x86_64-pc-linux-gnu
ac_cv_lib_ICE_IceConnectionNumber=yes
ac_cv_lib_dl_dlopen=yes
ac_cv_lib_dld_shl_load=no
ac_cv_lib_pthread_pthread_exit=yes
ac_cv_lib_rt_clock_gettime=yes
ac_cv_objext=o
ac_cv_path_EGREP='/usr/bin/grep -E'
ac_cv_path_FGREP='/usr/bin/grep -F'
ac_cv_path_GREP=/usr/bin/grep
ac_cv_path_SED=/usr/bin/sed
ac_cv_path_install='/usr/bin/install -c'
ac_cv_path_lt_DD=/usr/bin/dd
ac_cv_path_mkdir=/usr/bin/mkdir
ac_cv_prog_AWK=gawk
ac_cv_prog_CPP='gcc -E'
ac_cv_prog_CXXCPP='g++ -E'
ac_cv_prog_ac_ct_AR=ar
ac_cv_prog_ac_ct_CC=gcc
ac_cv_prog_ac_ct_CXX=g++
ac_cv_prog_ac_ct_OBJDUMP=objdump
ac_cv_prog_ac_ct_RANLIB=ranlib
ac_cv_prog_ac_ct_STRIP=strip
ac_cv_prog_cc_c89=
ac_cv_prog_cc_g=yes
ac_cv_prog_cxx_g=yes
ac_cv_prog_make_make_set=yes
ac_cv_safe_to_define___extensions__=yes
ac_cv_search_opendir='none required'
am_cv_CC_dependencies_compiler_type=gcc3
am_cv_CXX_dependencies_compiler_type=gcc3
am_cv_make_support_nested_variables=yes
am_cv_prog_cc_c_o=yes
lt_cv_ar_at_file=@
lt_cv_archive_cmds_need_lc=no
lt_cv_deplibs_check_method=pass_all
lt_cv_file_magic_cmd='$MAGIC_CMD'
lt_cv_file_magic_test_file=
lt_cv_ld_reload_flag=-r
lt_cv_nm_interface='BSD nm'
lt_cv_objdir=.libs
lt_cv_path_LD=/usr/bin/ld
lt_cv_path_LDCXX='/usr/bin/ld -m elf_x86_64'
lt_cv_path_NM='/usr/bin/nm -B'
lt_cv_path_mainfest_tool=no
lt_cv_prog_compiler_c_o=yes
lt_cv_prog_compiler_c_o_CXX=yes
lt_cv_prog_compiler_pic='-fPIC -DPIC'
lt_cv_prog_compiler_pic_CXX='-fPIC -DPIC'
lt_cv_prog_compiler_pic_works=yes
lt_cv_prog_compiler_pic_works_CXX=yes
lt_cv_prog_compiler_rtti_exceptions=no
lt_cv_prog_compiler_static_works=yes
lt_cv_prog_compiler_static_works_CXX=yes
lt_cv_prog_gnu_ld=yes
lt_cv_prog_gnu_ldcxx=yes
lt_cv_sharedlib_from_linklib_cmd='printf %s\n'
lt_cv_shlibpath_overrides_runpath=no
lt_cv_sys_global_symbol_pipe='sed -n -e '\''s/^.*[	 ]\([ABCDGIRSTW][ABCDGIRSTW]*\)[	 ][	 ]*\([_A-Za-z][_A-Za-z0-9]*\)$/\1 \2 \2/p'\'' | sed '\''/ __gnu_lto/d'\'''
lt_cv_sys_global_symbol_to_c_name_address='sed -n -e '\''s/^: \(.*\) .*$/  {"\1", (void *) 0},/p'\'' -e '\''s/^[ABCDGIRSTW][ABCDGIRSTW]* .* \(.*\)$/  {"\1", (void *) \&\1},/p'\'''
lt_cv_sys_global_symbol_to_c_name_address_lib_prefix='sed -n -e '\''s/^: \(.*\) .*$/  {"\1", (void *) 0},/p'\'' -e '\''s/^[ABCDGIRSTW][ABCDGIRSTW]* .* \(lib.*\)$/  {"\1", (void *) \&\1},/p'\'' -e '\''s/^[ABCDGIRSTW][ABCDGIRSTW]* .* \(.*\)$/  {"lib\1", (void *) \&\1},/p'\'''
lt_cv_sys_global_symbol_to_cdecl='sed -n -e '\''s/^T .* \(.*\)$/extern int \1();/p'\'' -e '\''s/^[ABCDGIRSTW][ABCDGIRSTW]* .* \(.*\)$/extern char \1;/p'\'''
lt_cv_sys_global_symbol_to_import=
lt_cv_sys_max_cmd_len=1572864
lt_cv_to_host_file_cmd=func_convert_file_noop
lt_cv_to_tool_file_cmd=func_convert_file_noop
lt_cv_truncate_bin='/usr/bin/dd bs=4096 count=1'

## ----------------- ##
## Output variables. ##
## ----------------- ##

ACLOCAL='${SHELL} /addtl/src/fox-1.6.57/missing aclocal-1.15'
AMDEPBACKSLASH='\'
AMDEP_FALSE='#'
AMDEP_TRUE=''
AMTAR='$${TAR-tar}'
AM_BACKSLASH='\'
AM_DEFAULT_V='$(AM_DEFAULT_VERBOSITY)'
AM_DEFAULT_VERBOSITY='1'
AM_V='$(V)'
AR='ar'
AUTOCONF='${SHELL} /addtl/src/fox-1.6.57/missing autoconf'
AUTOHEADER='${SHELL} /addtl/src/fox-1.6.57/missing autoheader'
AUTOMAKE='${SHELL} /addtl/src/fox-1.6.57/missing automake-1.15'
AWK='gawk'
CC='gcc'
CCDEPMODE='depmode=gcc3'
CFLAGS='-g -O2'
CPP='gcc -E'
CPPFLAGS=''
CXX='g++'
CXXCPP='g++ -E'
CXXDEPMODE='depmode=gcc3'
CXXFLAGS=' -Wall -Wformat -Woverloaded-virtual -Wshadow -DUNICODE -O2 -DNDEBUG -Wuninitialized -ffast-math -fstrict-aliasing -finline-functions -fomit-frame-pointer -fexpensive-optimizations -DHAVE_JPEG_H=1 -DHAVE_PNG_H=1 -DHAVE_TIFF_H=1 -DHAVE_ZLIB_H=1 -DHAVE_BZ2LIB_H=1 -DHAVE_XFT_H=1 -I/usr/include/freetype2 -DHAVE_XSHM_H=1 -DHAVE_XSHAPE_H=1 -DHAVE_XCURSOR_H=1 -DHAVE_XRENDER_H=1 -DHAVE_XRANDR_H=1 -DHAVE_XFIXES_H=1 -DHAVE_XINPUT_H=1 -DNO_XIM -DHAVE_GLU_H=1 -DHAVE_GL_H=1'
CYGPATH_W='echo'
DEFS='-DPACKAGE_NAME=\"fox\" -DPACKAGE_TARNAME=\"fox\" -DPACKAGE_VERSION=\"1.6.57\" -DPACKAGE_STRING=\"fox\ 1.6.57\" -DPACKAGE_BUGREPORT=\"jeroen@fox-toolkit.com\" -DPACKAGE_URL=\"\" -DPACKAGE=\"fox\" -DVERSION=\"1.6.57\" -DSTDC_HEADERS=1 -DHAVE_SYS_TYPES_H=1 -DHAVE_SYS_STAT_H=1 -DHAVE_STDLIB_H=1 -DHAVE_STRING_H=1 -DHAVE_MEMORY_H=1 -DHAVE_STRINGS_H=1 -DHAVE_INTTYPES_H=1 -DHAVE_STDINT_H=1 -DHAVE_UNISTD_H=1 -D__EXTENSIONS__=1 -D_ALL_SOURCE=1 -D_GNU_SOURCE=1 -D_POSIX_PTHREAD_SEMANTICS=1 -D_TANDEM_SOURCE=1 -DHAVE_DLFCN_H=1 -DLT_OBJDIR=\".libs/\" -DTIME_WITH_SYS_TIME=1 -DHAVE_SYS_WAIT_H=1 -DHAVE_DIRENT_H=1 -DHAVE_STDLIB_H=1 -DHAVE_UNISTD_H=1 -DHAVE_SYS_PARAM_H=1 -DHAVE_GETPAGESIZE=1 -DHAVE_MMAP=1 -DHAVE_LIBRT=1 -DHAVE_LIBPTHREAD=1 -DHAVE_LIBDL=1 -DHAVE_VSSCANF=1 -DHAVE_VSNPRINTF=1 -DHAVE_STRTOLL=1 -DHAVE_STRTOULL=1 -DHAVE_PNG_H=1 -DHAVE_TIFF_H=1 -DHAVE_ZLIB_H=1 -DHAVE_BZLIB_H=1 -DHAVE_X11_EXTENSIONS_XSHM_H=1 -DHAVE_X11_EXTENSIONS_SHAPE_H=1 -DHAVE_X11_XCURSOR_XCURSOR_H=1 -DHAVE_X11_EXTENSIONS_XRENDER_H=1 -DHAVE_X11_EXTENSIONS_XRANDR_H=1 -DHAVE_X11_EXTENSIONS_XFIXES_H=1 -DHAVE_X11_EXTENSIONS_XINPUT_H=1'
DEPDIR='.deps'
DLLTOOL='false'
DSYMUTIL=''
DUMPBIN=''
ECHO_C=''
ECHO_N='-n'
ECHO_T=''
EGREP='/usr/bin/grep -E'
EXEEXT=''
FGREP='/usr/bin/grep -F'
FOX_BYTEORDER='0'
FOX_MAJOR_VERSION='1'
FOX_MINOR_VERSION='6'
FOX_PATCH_LEVEL='57'
GL_LIBS='-lGL -lGLU'
GREP='/usr/bin/grep'
INSTALL_DATA='${INSTALL} -m 644'
INSTALL_PROGRAM='${INSTALL}'
INSTALL_SCRIPT='${INSTALL}'
INSTALL_STRIP_PROGRAM='$(install_sh) -c -s'
LD='/usr/bin/ld -m elf_x86_64'
LDFLAGS='-s -no-undefined '
LIBOBJS=''
LIBS='-ldl -lpthread -lrt  -ljpeg -lpng -ltiff -lz -lbz2 -lGLU -lGL'
LIBTOOL='$(SHELL) $(top_builddir)/libtool'
LIPO=''
LN_S='ln -s'
LTLIBOBJS=''
LT_AGE='0'
LT_CURRENT='0'
LT_RELEASE='1.6'
LT_REVISION='57'
LT_SYS_LIBRARY_PATH=''
MAKEINFO='${SHELL} /addtl/src/fox-1.6.57/missing makeinfo'
MANIFEST_TOOL=':'
MKDIR_P='/usr/bin/mkdir -p'
NM='/usr/bin/nm -B'
NMEDIT=''
OBJDUMP='objdump'
OBJEXT='o'
OTOOL64=''
OTOOL=''
PACKAGE='fox'
PACKAGE_BUGREPORT='jeroen@fox-toolkit.com'
PACKAGE_NAME='fox'
PACKAGE_STRING='fox 1.6.57'
PACKAGE_TARNAME='fox'
PACKAGE_URL=''
PACKAGE_VERSION='1.6.57'
PATH_SEPARATOR=':'
RANLIB='ranlib'
SED='/usr/bin/sed'
SET_MAKE=''
SHELL='/bin/sh'
STRIP='strip'
VERSION='1.6.57'
XMKMF=''
X_BASE_LIBS='-lX11 -lXext -lfreetype -lfontconfig -lXft -lXcursor -lXrender -lXrandr -lXfixes -lXi'
X_CFLAGS=''
X_EXTRA_LIBS=''
X_LIBS=''
X_PRE_LIBS=' -lSM -lICE'
ac_ct_AR='ar'
ac_ct_CC='gcc'
ac_ct_CXX='g++'
ac_ct_DUMPBIN=''
am__EXEEXT_FALSE=''
am__EXEEXT_TRUE='#'
am__fastdepCC_FALSE='#'
am__fastdepCC_TRUE=''
am__fastdepCXX_FALSE='#'
am__fastdepCXX_TRUE=''
am__include='include'
am__isrc=''
am__leading_dot='.'
am__nodep='_no'
am__quote=''
am__tar='$${TAR-tar} chof - "$$tardir"'
am__untar='$${TAR-tar} xf -'
bindir='${exec_prefix}/bin'
build='x86_64-pc-linux-gnu'
build_alias=''
build_cpu='x86_64'
build_os='linux-gnu'
build_vendor='pc'
datadir='${datarootdir}'
datarootdir='${prefix}/share'
docdir='${datarootdir}/doc/${PACKAGE_TARNAME}'
dvidir='${docdir}'
exec_prefix='${prefix}'
host='x86_64-pc-linux-gnu'
host_alias=''
host_cpu='x86_64'
host_os='linux-gnu'
host_vendor='pc'
htmldir='${docdir}'
includedir='${prefix}/include'
infodir='${datarootdir}/info'
install_sh='${SHELL} /addtl/src/fox-1.6.57/install-sh'
libdir='${exec_prefix}/lib'
libexecdir='${exec_prefix}/libexec'
localedir='${datarootdir}/locale'
localstatedir='${prefix}/var'
mandir='${datarootdir}/man'
mkdir_p='$(MKDIR_P)'
oldincludedir='/usr/include'
pdfdir='${docdir}'
prefix='/addtl'
program_transform_name='s,x,x,'
psdir='${docdir}'
sbindir='${exec_prefix}/sbin'
sharedstatedir='${prefix}/com'
sysconfdir='${prefix}/etc'
target_alias=''

## ----------- ##
## confdefs.h. ##
## ----------- ##

/* confdefs.h */
#define PACKAGE_NAME "fox"
#define PACKAGE_TARNAME "fox"
#define PACKAGE_VERSION "1.6.57"
#define PACKAGE_STRING "fox 1.6.57"
#define PACKAGE_BUGREPORT "jeroen@fox-toolkit.com"
#define PACKAGE_URL ""
#define PACKAGE "fox"
#define VERSION "1.6.57"
#define STDC_HEADERS 1
#define HAVE_SYS_TYPES_H 1
#define HAVE_SYS_STAT_H 1
#define HAVE_STDLIB_H 1
#define HAVE_STRING_H 1
#define HAVE_MEMORY_H 1
#define HAVE_STRINGS_H 1
#define HAVE_INTTYPES_H 1
#define HAVE_STDINT_H 1
#define HAVE_UNISTD_H 1
#define __EXTENSIONS__ 1
#define _ALL_SOURCE 1
#define _GNU_SOURCE 1
#define _POSIX_PTHREAD_SEMANTICS 1
#define _TANDEM_SOURCE 1
#define HAVE_DLFCN_H 1
#define LT_OBJDIR ".libs/"
#define TIME_WITH_SYS_TIME 1
#define HAVE_SYS_WAIT_H 1
#define HAVE_DIRENT_H 1
#define HAVE_STDLIB_H 1
#define HAVE_UNISTD_H 1
#define HAVE_SYS_PARAM_H 1
#define HAVE_GETPAGESIZE 1
#define HAVE_MMAP 1
#define HAVE_LIBRT 1
#define HAVE_LIBPTHREAD 1
#define HAVE_LIBDL 1
#define HAVE_VSSCANF 1
#define HAVE_VSNPRINTF 1
#define HAVE_STRTOLL 1
#define HAVE_STRTOULL 1
#define HAVE_PNG_H 1
#define HAVE_TIFF_H 1
#define HAVE_ZLIB_H 1
#define HAVE_BZLIB_H 1
#define HAVE_X11_EXTENSIONS_XSHM_H 1
#define HAVE_X11_EXTENSIONS_SHAPE_H 1
#define HAVE_X11_XCURSOR_XCURSOR_H 1
#define HAVE_X11_EXTENSIONS_XRENDER_H 1
#define HAVE_X11_EXTENSIONS_XRANDR_H 1
#define HAVE_X11_EXTENSIONS_XFIXES_H 1
#define HAVE_X11_EXTENSIONS_XINPUT_H 1

configure: exit 0
